<?xml version="1.0" encoding="UTF-8"?>
<testsuite name="jrails.ModelTest" tests="1" skipped="0" failures="0" errors="0" timestamp="2020-04-16T05:00:39" hostname="URNOTCHRISLEE" time="0.015">
  <properties/>
  <testcase name="myTest_b" classname="jrails.ModelTest" time="0.015"/>
  <system-out><![CDATA[]]></system-out>
  <system-err><![CDATA[]]></system-err>
</testsuite>
