<?xml version="1.0" encoding="UTF-8"?>
<testsuite name="jrails.HtmlTest" tests="1" skipped="0" failures="0" errors="0" timestamp="2020-04-15T04:43:16" hostname="URNOTCHRISLEE" time="0.018">
  <properties/>
  <testcase name="empty" classname="jrails.HtmlTest" time="0.018"/>
  <system-out><![CDATA[]]></system-out>
  <system-err><![CDATA[]]></system-err>
</testsuite>
