<?xml version="1.0" encoding="UTF-8"?>
<testsuite name="jrails.ModelTest" tests="2" skipped="0" failures="0" errors="0" timestamp="2020-04-16T01:22:13" hostname="URNOTCHRISLEE" time="0.031">
  <properties/>
  <testcase name="myTest_b" classname="jrails.ModelTest" time="0.018"/>
  <testcase name="id" classname="jrails.ModelTest" time="0.013"/>
  <system-out><![CDATA[0
]]></system-out>
  <system-err><![CDATA[]]></system-err>
</testsuite>
