<?xml version="1.0" encoding="UTF-8"?>
<testsuite name="jrails.ModelTest" tests="1" skipped="0" failures="0" errors="0" timestamp="2020-04-15T03:55:16" hostname="URNOTCHRISLEE" time="0.013">
  <properties/>
  <testcase name="myTest_b" classname="jrails.ModelTest" time="0.013"/>
  <system-out><![CDATA[]]></system-out>
  <system-err><![CDATA[]]></system-err>
</testsuite>
