<?xml version="1.0" encoding="UTF-8"?>
<testsuite name="jrails.ModelTest" tests="2" skipped="0" failures="0" errors="0" timestamp="2020-04-15T04:43:16" hostname="URNOTCHRISLEE" time="0.012">
  <properties/>
  <testcase name="myTest_b" classname="jrails.ModelTest" time="0.011"/>
  <testcase name="id" classname="jrails.ModelTest" time="0.001"/>
  <system-out><![CDATA[]]></system-out>
  <system-err><![CDATA[]]></system-err>
</testsuite>
